IQ-TREE multicore version 2.1.4-beta COVID-edition for Linux 64-bit built Jun 24 2021
Developed by Bui Quang Minh, James Barbetti, Nguyen Lam Tung,
Olga Chernomor, Heiko Schmidt, Dominik Schrempf, Michael Woodhams.

Host:    TCLASOL-13PJMX3 (AVX2, FMA3, 31 GB RAM)
Command: iqtree -s outputs/04_supermatrix/original/FcC_supermatrix.fas -redo -nt AUTO -bb 1000 -pre outputs/05_tree/no_partitioning_without_site_removal/auriculella_phylogeny_no_partitioning_without_site_removal
Seed:    695442 (Using SPRNG - Scalable Parallel Random Number Generator)
Time:    Fri Jun 13 17:37:09 2025
Kernel:  AVX+FMA - auto-detect threads (20 CPU cores detected)

Reading alignment file outputs/04_supermatrix/original/FcC_supermatrix.fas ... Fasta format detected
Alignment most likely contains DNA/RNA sequences
WARNING: 2 sites contain only gaps or ambiguous characters.
Alignment has 54 sequences with 2385 columns, 285 distinct patterns
244 parsimony-informative, 65 singleton sites, 2076 constant sites
                                                  Gap/Ambiguity  Composition  p-value
   1  ACHA034-20_HLS20130_Auriculella_uniplicata         50.02%    failed      0.09%
   2  ACHA018-20_HLS20747_Auriculella_ambusta            53.54%    failed      0.00%
   3  ACHA021-20_HLS21114_Auriculella_malleata           50.02%    failed      0.22%
   4  ACHA038-20_HLS21113_Auriculella_malleata           51.19%    failed      0.08%
   5  ACHA032-20_HLS20127_Auriculella_uniplicata         50.02%    failed      0.07%
   6  ACHA016-20_HLS20184_Auriculella_ambusta            30.99%    passed     84.93%
   7  ACHA030-20_HLS20153_Auriculella_turritella         50.02%    failed      0.11%
   8  ACHA024-20_HLS20454_Auriculella_crassula           50.02%    failed      0.23%
   9  ACHA013-20_HLS20458_Auriculella_crassula           30.99%    passed     93.36%
  10  ACHA020-20_HLS20595_Auriculella_crassula           50.02%    failed      0.29%
  11  ACHA003-20_HLS20637_Auriculella_crassula           30.99%    passed     77.96%
  12  ACHA011-20_HLS20137_Auriculella_gagneorum          31.07%    passed     86.17%
  13  ACHA036-20_HLS20183_Auriculella_ambusta            50.02%    failed      0.03%
  14  ACHA005-20_HLS20091_Auriculella_perpusilla         30.99%    passed     91.39%
  15  ACHA002-20_HLS20002_Tornatellides_sp               31.24%    passed     67.53%
  16  ACHA050-20_HLS20539_Auriculella_gagneorum          72.58%    failed      0.00%
  17  ACHA052-20_HLS20232_Auriculella_perversa           72.58%    failed      0.00%
  18  ACHA053-20_HLS21612_Auriculella_perversa           72.58%    failed      0.00%
  19  ACHA046-20_HLS20536_Auriculella_gagneorum          72.58%    failed      0.00%
  20  ACHA042-20_HLS20524_Auriculella_tenella            72.58%    failed      0.00%
  21  ACHA009-20_HLS20647_Auriculella_tenella            31.07%    passed     88.25%
  22  ACHA216-22_PCMB54681_Tornatellides_subperforatus    1.64%    failed      0.00%
  23  ACHA017-20_HLS20878_Auriculella_gagneorum          53.63%    failed      0.00%
  24  ACHA022-20_HLS20335_Auriculella_turritella         50.02%    failed      0.18%
  25  ACHA026-20_HLS20336_Auriculella_turritella         50.02%    failed      0.15%
  26  ACHA048-20_HLS20198_Auriculella_turritella         72.58%    failed      0.00%
  27  ACHA006-20_HLS20597_Auriculella_crassula           30.99%    passed     86.12%
  28  ACHA015-20_HLS20185_Auriculella_gagneorum          31.07%    passed     76.92%
  29  ACHA025-20_HLS20708_Auriculella_uniplicata         50.02%    failed      0.15%
  30  ACHA047-20_HLS20723_Auriculella_malleata           72.58%    failed      0.00%
  31  ACHA035-20_HLS20702_Auriculella_uniplicata         50.02%    failed      0.12%
  32  ACHA004-20_HLS20609_Auriculella_crassula           30.94%    passed     84.13%
  33  ACHA040-20_HLS21703_Auriculella_perpusilla         72.58%    failed      0.00%
  34  ACHA041-20_HLS20731_Auriculella_malleata           73.63%    failed      0.00%
  35  ACHA014-20_HLS20730_Auriculella_malleata           32.62%    passed     76.26%
  36  ACHA012-20_HLS20649_Auriculella_tenella            31.07%    passed     86.53%
  37  ACHA027-20_HLS20138_Auriculella_gagneorum          50.02%    failed      0.18%
  38  ACHA039-20_HLS21705_Auriculella_perpusilla         72.58%    failed      0.00%
  39  ACHA051-20_HLS20461_Auriculella_turritella         72.58%    failed      0.00%
  40  ACHA010-20_HLS20134_Auriculella_tenella            31.03%    passed     86.49%
  41  ACHA019-20_HLS20347_Auriculella_tenella            53.58%    failed      0.00%
  42  ACHA033-20_HLS20459_Auriculella_crassula           50.02%    failed      0.27%
  43  ACHA023-20_HLS20607_Auriculella_crassula           50.02%    failed      0.34%
  44  ACHA007-20_HLS20655_Auriculella_malleata           30.99%    passed     98.02%
  45  ACHA037-20_HLS20131_Auriculella_uniplicata         50.02%    failed      0.07%
  46  ACHA044-20_HLS20879_Auriculella_ambusta            72.58%    failed      0.00%
  47  ACHA029-20_HLS20186_Auriculella_gagneorum          50.02%    failed      0.26%
  48  ACHA001-20_HLS20486_Tornatellaria_sp               30.86%    passed     93.90%
  49  ACHA028-20_HLS20149_Auriculella_uniplicata         50.02%    failed      0.15%
  50  ACHA008-20_HLS20187_Auriculella_perpusilla         30.99%    passed     92.70%
  51  ACHA045-20_HLS20816_Auriculella_turritella         72.58%    failed      0.00%
  52  ACHA031-20_HLS20126_Auriculella_uniplicata         50.02%    failed      0.08%
  53  ACHA049-20_HLS21154_Auriculella_montana            73.63%    failed      0.00%
  54  ACHA043-20_HLS21744_Auriculella_ambusta            72.58%    failed      0.00%
WARNING: 37 sequences contain more than 50% gaps/ambiguity
****  TOTAL                                              50.05%  38 sequences failed composition chi2 test (p-value<5%; df=3)


Create initial parsimony tree by phylogenetic likelihood library (PLL)... 0.002 seconds
Measuring multi-threading efficiency up to 20 CPU cores
Increase to 10 rounds for branch lengths
1364 trees examined
Threads: 1 / Time: 20.007 sec / Speedup: 1.000 / Efficiency: 100% / LogL: -10336
Threads: 2 / Time: 15.487 sec / Speedup: 1.292 / Efficiency: 65% / LogL: -10336
Threads: 3 / Time: 13.540 sec / Speedup: 1.478 / Efficiency: 49% / LogL: -10336
BEST NUMBER OF THREADS: 2

Perform fast likelihood tree search using GTR+I+G model...
Estimate model parameters (epsilon = 5.000)
Perform nearest neighbor interchange...
Estimate model parameters (epsilon = 1.000)
1. Initial log-likelihood: -7004.907
Optimal log-likelihood: -7004.305
Rate parameters:  A-C: 0.74581  A-G: 17.61867  A-T: 4.18659  C-G: 2.09672  C-T: 14.37513  G-T: 1.00000
Base frequencies:  A: 0.266  C: 0.180  G: 0.221  T: 0.332
Proportion of invariable sites: 0.460
Gamma shape alpha: 0.236
Parameters optimization took 1 rounds (0.008 sec)
Time for fast ML tree search: 0.080 seconds

NOTE: ModelFinder requires 6 MB RAM!
ModelFinder will test up to 286 DNA models (sample size: 2385) ...
 No. Model         -LnL         df  AIC          AICc         BIC
  1  GTR+F         7488.754     113 15203.508    15214.853    15856.304
  2  GTR+F+I       7050.008     114 14328.017    14339.567    14986.589
  3  GTR+F+G4      7052.141     114 14332.283    14343.834    14990.856
  4  GTR+F+I+G4    6996.849     115 14223.698    14235.456    14888.047
  5  GTR+F+R2      7005.950     115 14241.900    14253.658    14906.250
  6  GTR+F+R3      6998.817     117 14231.633    14243.813    14907.537
 17  SYM+I+G4      7020.345     112 14264.689    14275.830    14911.708
 30  TVM+F+I+G4    6997.883     114 14223.767    14235.317    14882.339
 43  TVMe+I+G4     7024.219     111 14270.438    14281.377    14911.680
 56  TIM3+F+I+G4   7012.926     113 14251.853    14263.197    14904.649
 69  TIM3e+I+G4    7046.789     110 14313.577    14324.316    14949.042
 82  TIM2+F+I+G4   7011.317     113 14248.634    14259.979    14901.430
 95  TIM2e+I+G4    7055.021     110 14330.042    14340.781    14965.507
108  TIM+F+I+G4    6999.057     113 14224.113    14235.458    14876.909
121  TIMe+I+G4     7034.399     110 14288.799    14299.537    14924.264
134  TPM3u+F+I+G4  7013.682     112 14251.364    14262.505    14898.383
147  TPM3+F+I+G4   7013.682     112 14251.364    14262.505    14898.383
160  TPM2u+F+I+G4  7012.082     112 14248.163    14259.304    14895.182
173  TPM2+F+I+G4   7012.082     112 14248.163    14259.304    14895.182
186  K3Pu+F+I+G4   7000.036     112 14224.072    14235.213    14871.091
199  K3P+I+G4      7038.353     109 14294.705    14305.246    14924.393
212  TN+F+I+G4     7019.890     112 14263.780    14274.921    14910.799
225  TNe+I+G4      7070.481     109 14358.962    14369.502    14988.650
238  HKY+F+I+G4    7020.784     111 14263.568    14274.507    14904.810
251  K2P+I+G4      7074.367     108 14364.733    14375.078    14988.645
264  F81+F+I+G4    7249.961     110 14719.923    14730.661    15355.388
277  JC+I+G4       7257.231     107 14728.462    14738.612    15346.596
Akaike Information Criterion:           GTR+F+I+G4
Corrected Akaike Information Criterion: K3Pu+F+I+G4
Bayesian Information Criterion:         K3Pu+F+I+G4
Best-fit model: K3Pu+F+I+G4 chosen according to BIC

All model information printed to outputs/05_tree/no_partitioning_without_site_removal/auriculella_phylogeny_no_partitioning_without_site_removal.model.gz
CPU time for ModelFinder: 92.160 seconds (0h:1m:32s)
Wall-clock time for ModelFinder: 49.956 seconds (0h:0m:49s)
Generating 1000 samples for ultrafast bootstrap (seed: 695442)...

NOTE: 3 MB RAM (0 GB) is required!
Estimate model parameters (epsilon = 0.100)
Thoroughly optimizing +I+G parameters from 10 start values...
Init pinv, alpha: 0.000, 0.408 / Estimate: 0.000, 0.101 / LogL: -7056.390
Init pinv, alpha: 0.097, 0.408 / Estimate: 0.600, 0.361 / LogL: -7000.785
Init pinv, alpha: 0.193, 0.408 / Estimate: 0.601, 0.363 / LogL: -7000.748
Init pinv, alpha: 0.290, 0.408 / Estimate: 0.600, 0.362 / LogL: -7000.762
Init pinv, alpha: 0.387, 0.408 / Estimate: 0.599, 0.360 / LogL: -7000.802
Init pinv, alpha: 0.484, 0.408 / Estimate: 0.600, 0.362 / LogL: -7000.773
Init pinv, alpha: 0.580, 0.408 / Estimate: 0.601, 0.363 / LogL: -7000.744
Init pinv, alpha: 0.677, 0.408 / Estimate: 0.676, 0.542 / LogL: -6999.179
Init pinv, alpha: 0.774, 0.408 / Estimate: 0.720, 0.750 / LogL: -6999.645
Init pinv, alpha: 0.870, 0.408 / Estimate: 0.720, 0.746 / LogL: -6999.639
Optimal pinv,alpha: 0.676, 0.542 / LogL: -6999.179

Parameters optimization took 1.063 sec
Computing ML distances based on estimated model parameters...
Computing ML distances took 0.009313 sec (of wall-clock time) 0.016302 sec(of CPU time)
WARNING: Some pairwise ML distances are too long (saturated)
Computing RapidNJ tree took 0.007542 sec (of wall-clock time) 0.003604 sec (of CPU time)
Log-likelihood of RapidNJ tree: -7473.712
--------------------------------------------------------------------
|             INITIALIZING CANDIDATE TREE SET                      |
--------------------------------------------------------------------
Generating 98 parsimony trees... 0.219 second
Computing log-likelihood of 98 initial trees ... 0.162 seconds
Current best score: -6999.179

Do NNI search on 20 best initial trees
Estimate model parameters (epsilon = 0.100)
BETTER TREE FOUND at iteration 1: -6996.648
Estimate model parameters (epsilon = 0.100)
BETTER TREE FOUND at iteration 2: -6992.405
Estimate model parameters (epsilon = 0.100)
UPDATE BEST LOG-LIKELIHOOD: -6992.378
Iteration 10 / LogL: -6992.463 / Time: 0h:0m:1s
Iteration 20 / LogL: -6992.505 / Time: 0h:0m:2s
Finish initializing candidate tree set (3)
Current best tree score: -6992.378 / CPU time: 1.004
Number of iterations: 20
--------------------------------------------------------------------
|               OPTIMIZING CANDIDATE TREE SET                      |
--------------------------------------------------------------------
Iteration 30 / LogL: -6992.693 / Time: 0h:0m:2s (0h:0m:6s left)
Iteration 40 / LogL: -6992.486 / Time: 0h:0m:3s (0h:0m:4s left)
Iteration 50 / LogL: -6993.272 / Time: 0h:0m:3s (0h:0m:3s left)
Log-likelihood cutoff on original alignment: -7023.845
Iteration 60 / LogL: -6992.449 / Time: 0h:0m:3s (0h:0m:2s left)
Iteration 70 / LogL: -6992.655 / Time: 0h:0m:4s (0h:0m:1s left)
Iteration 80 / LogL: -6992.443 / Time: 0h:0m:4s (0h:0m:1s left)
Iteration 90 / LogL: -6992.615 / Time: 0h:0m:5s (0h:0m:0s left)
Iteration 100 / LogL: -6992.518 / Time: 0h:0m:5s (0h:0m:0s left)
Log-likelihood cutoff on original alignment: -7024.088
NOTE: Bootstrap correlation coefficient of split occurrence frequencies: 0.999
TREE SEARCH COMPLETED AFTER 103 ITERATIONS / Time: 0h:0m:5s

--------------------------------------------------------------------
|                    FINALIZING TREE SEARCH                        |
--------------------------------------------------------------------
Performs final model parameters optimization
Estimate model parameters (epsilon = 0.010)
1. Initial log-likelihood: -6992.378
Optimal log-likelihood: -6992.371
Rate parameters:  A-C: 1.00000  A-G: 20.19844  A-T: 4.77279  C-G: 4.77279  C-T: 20.19844  G-T: 1.00000
Base frequencies:  A: 0.266  C: 0.180  G: 0.221  T: 0.332
Proportion of invariable sites: 0.675
Gamma shape alpha: 0.539
Parameters optimization took 1 rounds (0.005 sec)
BEST SCORE FOUND : -6992.371
Creating bootstrap support values...
Split supports printed to NEXUS file outputs/05_tree/no_partitioning_without_site_removal/auriculella_phylogeny_no_partitioning_without_site_removal.splits.nex
Total tree length: 0.783

Total number of iterations: 103
CPU time used for tree search: 8.622 sec (0h:0m:8s)
Wall-clock time used for tree search: 4.557 sec (0h:0m:4s)
Total CPU time used: 10.926 sec (0h:0m:10s)
Total wall-clock time used: 5.811 sec (0h:0m:5s)

Computing bootstrap consensus tree...
Reading input file outputs/05_tree/no_partitioning_without_site_removal/auriculella_phylogeny_no_partitioning_without_site_removal.splits.nex...
54 taxa and 302 splits.
Consensus tree written to outputs/05_tree/no_partitioning_without_site_removal/auriculella_phylogeny_no_partitioning_without_site_removal.contree
Reading input trees file outputs/05_tree/no_partitioning_without_site_removal/auriculella_phylogeny_no_partitioning_without_site_removal.contree
Log-likelihood of consensus tree: -6992.428

Analysis results written to: 
  IQ-TREE report:                outputs/05_tree/no_partitioning_without_site_removal/auriculella_phylogeny_no_partitioning_without_site_removal.iqtree
  Maximum-likelihood tree:       outputs/05_tree/no_partitioning_without_site_removal/auriculella_phylogeny_no_partitioning_without_site_removal.treefile
  Likelihood distances:          outputs/05_tree/no_partitioning_without_site_removal/auriculella_phylogeny_no_partitioning_without_site_removal.mldist

Ultrafast bootstrap approximation results written to:
  Split support values:          outputs/05_tree/no_partitioning_without_site_removal/auriculella_phylogeny_no_partitioning_without_site_removal.splits.nex
  Consensus tree:                outputs/05_tree/no_partitioning_without_site_removal/auriculella_phylogeny_no_partitioning_without_site_removal.contree
  Screen log file:               outputs/05_tree/no_partitioning_without_site_removal/auriculella_phylogeny_no_partitioning_without_site_removal.log

Date and Time: Fri Jun 13 17:38:05 2025
