IQ-TREE multicore version 2.1.4-beta COVID-edition for Linux 64-bit built Jun 24 2021
Developed by Bui Quang Minh, James Barbetti, Nguyen Lam Tung,
Olga Chernomor, Heiko Schmidt, Dominik Schrempf, Michael Woodhams.

Host:    TCLASOL-13PJMX3 (AVX2, FMA3, 31 GB RAM)
Command: iqtree -s outputs/04_supermatrix/original/FcC_supermatrix.fas -p outputs/05_tree/locus_partitioning_without_site_removal/auriculella_partitions.txt -redo -nt AUTO -bb 1000 -pre outputs/05_tree/locus_partitioning_without_site_removal/auriculella_phylogeny_locus_partitioning_without_site_removal
Seed:    643938 (Using SPRNG - Scalable Parallel Random Number Generator)
Time:    Fri Jun 13 17:39:20 2025
Kernel:  AVX+FMA - auto-detect threads (20 CPU cores detected)

Reading partition model file outputs/05_tree/locus_partitioning_without_site_removal/auriculella_partitions.txt ...
Reading alignment file outputs/04_supermatrix/original/FcC_supermatrix.fas ... Fasta format detected
Alignment most likely contains DNA/RNA sequences
WARNING: 4 sites contain only gaps or ambiguous characters.
Alignment has 54 sequences with 4770 columns, 285 distinct patterns
488 parsimony-informative, 130 singleton sites, 4152 constant sites
                                                  Gap/Ambiguity  Composition  p-value
   1  ACHA043-20_HLS21744_Auriculella_ambusta            72.58%    failed      0.00%
   2  ACHA053-20_HLS21612_Auriculella_perversa           72.58%    failed      0.00%
   3  ACHA023-20_HLS20607_Auriculella_crassula           50.02%    failed      0.00%
   4  ACHA009-20_HLS20647_Auriculella_tenella            31.07%    passed     72.43%
   5  ACHA028-20_HLS20149_Auriculella_uniplicata         50.02%    failed      0.00%
   6  ACHA012-20_HLS20649_Auriculella_tenella            31.07%    passed     68.99%
   7  ACHA035-20_HLS20702_Auriculella_uniplicata         50.02%    failed      0.00%
   8  ACHA037-20_HLS20131_Auriculella_uniplicata         50.02%    failed      0.00%
   9  ACHA048-20_HLS20198_Auriculella_turritella         72.58%    failed      0.00%
  10  ACHA047-20_HLS20723_Auriculella_malleata           72.58%    failed      0.00%
  11  ACHA020-20_HLS20595_Auriculella_crassula           50.02%    failed      0.00%
  12  ACHA033-20_HLS20459_Auriculella_crassula           50.02%    failed      0.00%
  13  ACHA019-20_HLS20347_Auriculella_tenella            53.58%    failed      0.00%
  14  ACHA040-20_HLS21703_Auriculella_perpusilla         72.58%    failed      0.00%
  15  ACHA001-20_HLS20486_Tornatellaria_sp               30.86%    passed     84.66%
  16  ACHA216-22_PCMB54681_Tornatellides_subperforatus    1.64%    failed      0.00%
  17  ACHA034-20_HLS20130_Auriculella_uniplicata         50.02%    failed      0.00%
  18  ACHA030-20_HLS20153_Auriculella_turritella         50.02%    failed      0.00%
  19  ACHA032-20_HLS20127_Auriculella_uniplicata         50.02%    failed      0.00%
  20  ACHA004-20_HLS20609_Auriculella_crassula           30.94%    passed     64.40%
  21  ACHA042-20_HLS20524_Auriculella_tenella            72.58%    failed      0.00%
  22  ACHA002-20_HLS20002_Tornatellides_sp               31.24%    passed     38.24%
  23  ACHA005-20_HLS20091_Auriculella_perpusilla         30.99%    passed     79.03%
  24  ACHA024-20_HLS20454_Auriculella_crassula           50.02%    failed      0.00%
  25  ACHA022-20_HLS20335_Auriculella_turritella         50.02%    failed      0.00%
  26  ACHA046-20_HLS20536_Auriculella_gagneorum          72.58%    failed      0.00%
  27  ACHA006-20_HLS20597_Auriculella_crassula           30.99%    passed     68.19%
  28  ACHA049-20_HLS21154_Auriculella_montana            73.63%    failed      0.00%
  29  ACHA038-20_HLS21113_Auriculella_malleata           51.19%    failed      0.00%
  30  ACHA031-20_HLS20126_Auriculella_uniplicata         50.02%    failed      0.00%
  31  ACHA017-20_HLS20878_Auriculella_gagneorum          53.63%    failed      0.00%
  32  ACHA052-20_HLS20232_Auriculella_perversa           72.58%    failed      0.00%
  33  ACHA013-20_HLS20458_Auriculella_crassula           30.99%    passed     83.42%
  34  ACHA018-20_HLS20747_Auriculella_ambusta            53.54%    failed      0.00%
  35  ACHA003-20_HLS20637_Auriculella_crassula           30.99%    passed     53.60%
  36  ACHA025-20_HLS20708_Auriculella_uniplicata         50.02%    failed      0.00%
  37  ACHA044-20_HLS20879_Auriculella_ambusta            72.58%    failed      0.00%
  38  ACHA027-20_HLS20138_Auriculella_gagneorum          50.02%    failed      0.00%
  39  ACHA041-20_HLS20731_Auriculella_malleata           73.63%    failed      0.00%
  40  ACHA014-20_HLS20730_Auriculella_malleata           32.62%    passed     50.87%
  41  ACHA051-20_HLS20461_Auriculella_turritella         72.58%    failed      0.00%
  42  ACHA008-20_HLS20187_Auriculella_perpusilla         30.99%    passed     81.93%
  43  ACHA010-20_HLS20134_Auriculella_tenella            31.03%    passed     68.91%
  44  ACHA026-20_HLS20336_Auriculella_turritella         50.02%    failed      0.00%
  45  ACHA050-20_HLS20539_Auriculella_gagneorum          72.58%    failed      0.00%
  46  ACHA016-20_HLS20184_Auriculella_ambusta            30.99%    passed     65.91%
  47  ACHA029-20_HLS20186_Auriculella_gagneorum          50.02%    failed      0.00%
  48  ACHA011-20_HLS20137_Auriculella_gagneorum          31.07%    passed     68.30%
  49  ACHA045-20_HLS20816_Auriculella_turritella         72.58%    failed      0.00%
  50  ACHA021-20_HLS21114_Auriculella_malleata           50.02%    failed      0.00%
  51  ACHA007-20_HLS20655_Auriculella_malleata           30.99%    passed     94.70%
  52  ACHA039-20_HLS21705_Auriculella_perpusilla         72.58%    failed      0.00%
  53  ACHA015-20_HLS20185_Auriculella_gagneorum          31.07%    passed     51.91%
  54  ACHA036-20_HLS20183_Auriculella_ambusta            50.02%    failed      0.00%
WARNING: 37 sequences contain more than 50% gaps/ambiguity
****  TOTAL                                              50.05%  38 sequences failed composition chi2 test (p-value<5%; df=3)

Partition file is not in NEXUS format, assuming RAxML-style partition file...
Subset	Type	Seqs	Sites	Infor	Invar	Model	Name
1	DNA	20	471	70	371	GTR	16S
2	DNA	36	538	12	519	GTR	28S
3	DNA	54	654	162	464	GTR	COI-5P
4	DNA	3	722	0	722	GTR	ITS
WARNING: No variant sites in partition ITS
Degree of missing data: 0.485
Info: multi-threading strategy over partitions


Create initial parsimony tree by phylogenetic likelihood library (PLL)... 0.003 seconds
Generating 1000 samples for ultrafast bootstrap (seed: 643938)...

NOTE: 1 MB RAM (0 GB) is required!
Measuring multi-threading efficiency up to 20 CPU cores
Increase to 10 rounds for branch lengths
2220 trees examined
Threads: 1 / Time: 20.003 sec / Speedup: 1.000 / Efficiency: 100% / LogL: -12290
Threads: 2 / Time: 17.463 sec / Speedup: 1.145 / Efficiency: 57% / LogL: -12290
Threads: 3 / Time: 18.240 sec / Speedup: 1.097 / Efficiency: 37% / LogL: -12290
BEST NUMBER OF THREADS: 2

Estimate model parameters (epsilon = 0.100)
Initial log-likelihood: -7607.694
Current log-likelihood at step 1: -7204.020
Current log-likelihood at step 2: -7110.807
Current log-likelihood at step 3: -7110.400
Current log-likelihood at step 4: -7104.948
Current log-likelihood at step 5: -7104.622
Current log-likelihood at step 6: -7104.583
Partition-specific rates:  0.888 0.079 1.449 1.353
Parameters optimization took 5 rounds (0.039 sec)

Computing ML distances based on estimated model parameters...
Computing ML distances took 0.000126 sec (of wall-clock time) 0.000123 sec(of CPU time)
WARNING: Some pairwise ML distances are too long (saturated)
Computing RapidNJ tree took 0.007397 sec (of wall-clock time) 0.004078 sec (of CPU time)
Log-likelihood of RapidNJ tree: -11295.345
--------------------------------------------------------------------
|             INITIALIZING CANDIDATE TREE SET                      |
--------------------------------------------------------------------
Generating 98 parsimony trees... 0.261 second
Computing log-likelihood of 98 initial trees ... 0.187 seconds
Current best score: -7103.054

Do NNI search on 20 best initial trees
Estimate model parameters (epsilon = 0.100)
Initial log-likelihood: -7100.793
Current log-likelihood at step 1: -7100.599
Current log-likelihood at step 2: -7100.538
Parameters optimization took 1 rounds (0.008 sec)

BETTER TREE FOUND at iteration 1: -7100.538
Iteration 10 / LogL: -7100.975 / Time: 0h:0m:56s
Iteration 20 / LogL: -7100.542 / Time: 0h:0m:56s
Finish initializing candidate tree set (5)
Current best tree score: -7100.538 / CPU time: 0.990
Number of iterations: 20
--------------------------------------------------------------------
|               OPTIMIZING CANDIDATE TREE SET                      |
--------------------------------------------------------------------
Iteration 30 / LogL: -7100.611 / Time: 0h:0m:57s (0h:2m:20s left)
Iteration 40 / LogL: -7100.617 / Time: 0h:0m:57s (0h:1m:30s left)
Iteration 50 / LogL: -7100.542 / Time: 0h:0m:58s (0h:1m:0s left)
Log-likelihood cutoff on original alignment: -7139.117
Iteration 60 / LogL: -7100.659 / Time: 0h:0m:58s (0h:0m:40s left)
Iteration 70 / LogL: -7100.612 / Time: 0h:0m:58s (0h:0m:26s left)
Iteration 80 / LogL: -7100.614 / Time: 0h:0m:59s (0h:0m:15s left)
Iteration 90 / LogL: -7100.577 / Time: 0h:0m:59s (0h:0m:7s left)
Iteration 100 / LogL: -7100.592 / Time: 0h:1m:0s (0h:0m:0s left)
Log-likelihood cutoff on original alignment: -7138.949
NOTE: Bootstrap correlation coefficient of split occurrence frequencies: 0.998
TREE SEARCH COMPLETED AFTER 102 ITERATIONS / Time: 0h:1m:0s

--------------------------------------------------------------------
|                    FINALIZING TREE SEARCH                        |
--------------------------------------------------------------------
Performs final model parameters optimization
Estimate model parameters (epsilon = 0.010)
Initial log-likelihood: -7100.538
Current log-likelihood at step 1: -7100.511
Current log-likelihood at step 2: -7100.468
Current log-likelihood at step 3: -7100.459
Partition-specific rates:  0.946 0.085 1.577 1.194
Parameters optimization took 2 rounds (0.010 sec)

Partition information was printed to outputs/05_tree/locus_partitioning_without_site_removal/auriculella_phylogeny_locus_partitioning_without_site_removal.best_model.nex
BEST SCORE FOUND : -7100.459
Creating bootstrap support values...
Split supports printed to NEXUS file outputs/05_tree/locus_partitioning_without_site_removal/auriculella_phylogeny_locus_partitioning_without_site_removal.splits.nex
Total tree length: 0.525

Total number of iterations: 102
CPU time used for tree search: 8.048 sec (0h:0m:8s)
Wall-clock time used for tree search: 4.514 sec (0h:0m:4s)
Total CPU time used: 111.386 sec (0h:1m:51s)
Total wall-clock time used: 60.431 sec (0h:1m:0s)

Computing bootstrap consensus tree...
Reading input file outputs/05_tree/locus_partitioning_without_site_removal/auriculella_phylogeny_locus_partitioning_without_site_removal.splits.nex...
54 taxa and 279 splits.
Consensus tree written to outputs/05_tree/locus_partitioning_without_site_removal/auriculella_phylogeny_locus_partitioning_without_site_removal.contree
Reading input trees file outputs/05_tree/locus_partitioning_without_site_removal/auriculella_phylogeny_locus_partitioning_without_site_removal.contree
Log-likelihood of consensus tree: -7101.247

Analysis results written to: 
  IQ-TREE report:                outputs/05_tree/locus_partitioning_without_site_removal/auriculella_phylogeny_locus_partitioning_without_site_removal.iqtree
  Maximum-likelihood tree:       outputs/05_tree/locus_partitioning_without_site_removal/auriculella_phylogeny_locus_partitioning_without_site_removal.treefile
  Likelihood distances:          outputs/05_tree/locus_partitioning_without_site_removal/auriculella_phylogeny_locus_partitioning_without_site_removal.mldist

Ultrafast bootstrap approximation results written to:
  Split support values:          outputs/05_tree/locus_partitioning_without_site_removal/auriculella_phylogeny_locus_partitioning_without_site_removal.splits.nex
  Consensus tree:                outputs/05_tree/locus_partitioning_without_site_removal/auriculella_phylogeny_locus_partitioning_without_site_removal.contree
  Screen log file:               outputs/05_tree/locus_partitioning_without_site_removal/auriculella_phylogeny_locus_partitioning_without_site_removal.log

Date and Time: Fri Jun 13 17:40:21 2025
