IQ-TREE multicore version 2.1.4-beta COVID-edition for Linux 64-bit built Jun 24 2021
Developed by Bui Quang Minh, James Barbetti, Nguyen Lam Tung,
Olga Chernomor, Heiko Schmidt, Dominik Schrempf, Michael Woodhams.

Host:    TCLASOL-13PJMX3 (AVX2, FMA3, 31 GB RAM)
Command: iqtree -s outputs/04_supermatrix/FcC_supermatrix.fas -redo -nt AUTO -bb 1000 -pre outputs/05_tree/auriculella_phylogeny
Seed:    866564 (Using SPRNG - Scalable Parallel Random Number Generator)
Time:    Tue Jun  3 15:02:20 2025
Kernel:  AVX+FMA - auto-detect threads (20 CPU cores detected)

Reading alignment file outputs/04_supermatrix/FcC_supermatrix.fas ... Fasta format detected
Alignment most likely contains DNA/RNA sequences
WARNING: 4 sites contain only gaps or ambiguous characters.
Alignment has 54 sequences with 4770 columns, 285 distinct patterns
488 parsimony-informative, 130 singleton sites, 4152 constant sites
                                                  Gap/Ambiguity  Composition  p-value
   1  ACHA048-20_HLS20198_Auriculella_turritella         72.58%    failed      0.00%
   2  ACHA012-20_HLS20649_Auriculella_tenella            31.07%    passed     68.99%
   3  ACHA018-20_HLS20747_Auriculella_ambusta            53.54%    failed      0.00%
   4  ACHA033-20_HLS20459_Auriculella_crassula           50.02%    failed      0.00%
   5  ACHA035-20_HLS20702_Auriculella_uniplicata         50.02%    failed      0.00%
   6  ACHA028-20_HLS20149_Auriculella_uniplicata         50.02%    failed      0.00%
   7  ACHA023-20_HLS20607_Auriculella_crassula           50.02%    failed      0.00%
   8  ACHA020-20_HLS20595_Auriculella_crassula           50.02%    failed      0.00%
   9  ACHA017-20_HLS20878_Auriculella_gagneorum          53.63%    failed      0.00%
  10  ACHA043-20_HLS21744_Auriculella_ambusta            72.58%    failed      0.00%
  11  ACHA003-20_HLS20637_Auriculella_crassula           30.99%    passed     53.60%
  12  ACHA004-20_HLS20609_Auriculella_crassula           30.94%    passed     64.40%
  13  ACHA045-20_HLS20816_Auriculella_turritella         72.58%    failed      0.00%
  14  ACHA030-20_HLS20153_Auriculella_turritella         50.02%    failed      0.00%
  15  ACHA032-20_HLS20127_Auriculella_uniplicata         50.02%    failed      0.00%
  16  ACHA026-20_HLS20336_Auriculella_turritella         50.02%    failed      0.00%
  17  ACHA050-20_HLS20539_Auriculella_gagneorum          72.58%    failed      0.00%
  18  ACHA019-20_HLS20347_Auriculella_tenella            53.58%    failed      0.00%
  19  ACHA049-20_HLS21154_Auriculella_montana            73.63%    failed      0.00%
  20  ACHA015-20_HLS20185_Auriculella_gagneorum          31.07%    passed     51.91%
  21  ACHA006-20_HLS20597_Auriculella_crassula           30.99%    passed     68.19%
  22  ACHA052-20_HLS20232_Auriculella_perversa           72.58%    failed      0.00%
  23  ACHA053-20_HLS21612_Auriculella_perversa           72.58%    failed      0.00%
  24  ACHA001-20_HLS20486_Tornatellaria_sp               30.86%    passed     84.66%
  25  ACHA025-20_HLS20708_Auriculella_uniplicata         50.02%    failed      0.00%
  26  ACHA014-20_HLS20730_Auriculella_malleata           32.62%    passed     50.87%
  27  ACHA010-20_HLS20134_Auriculella_tenella            31.03%    passed     68.91%
  28  ACHA009-20_HLS20647_Auriculella_tenella            31.07%    passed     72.43%
  29  ACHA021-20_HLS21114_Auriculella_malleata           50.02%    failed      0.00%
  30  ACHA036-20_HLS20183_Auriculella_ambusta            50.02%    failed      0.00%
  31  ACHA013-20_HLS20458_Auriculella_crassula           30.99%    passed     83.42%
  32  ACHA051-20_HLS20461_Auriculella_turritella         72.58%    failed      0.00%
  33  ACHA031-20_HLS20126_Auriculella_uniplicata         50.02%    failed      0.00%
  34  ACHA040-20_HLS21703_Auriculella_perpusilla         72.58%    failed      0.00%
  35  ACHA047-20_HLS20723_Auriculella_malleata           72.58%    failed      0.00%
  36  ACHA029-20_HLS20186_Auriculella_gagneorum          50.02%    failed      0.00%
  37  ACHA008-20_HLS20187_Auriculella_perpusilla         30.99%    passed     81.93%
  38  ACHA027-20_HLS20138_Auriculella_gagneorum          50.02%    failed      0.00%
  39  ACHA216-22_PCMB54681_Tornatellides_subperforatus    1.64%    failed      0.00%
  40  ACHA002-20_HLS20002_Tornatellides_sp               31.24%    passed     38.24%
  41  ACHA044-20_HLS20879_Auriculella_ambusta            72.58%    failed      0.00%
  42  ACHA039-20_HLS21705_Auriculella_perpusilla         72.58%    failed      0.00%
  43  ACHA022-20_HLS20335_Auriculella_turritella         50.02%    failed      0.00%
  44  ACHA007-20_HLS20655_Auriculella_malleata           30.99%    passed     94.70%
  45  ACHA041-20_HLS20731_Auriculella_malleata           73.63%    failed      0.00%
  46  ACHA037-20_HLS20131_Auriculella_uniplicata         50.02%    failed      0.00%
  47  ACHA038-20_HLS21113_Auriculella_malleata           51.19%    failed      0.00%
  48  ACHA042-20_HLS20524_Auriculella_tenella            72.58%    failed      0.00%
  49  ACHA024-20_HLS20454_Auriculella_crassula           50.02%    failed      0.00%
  50  ACHA005-20_HLS20091_Auriculella_perpusilla         30.99%    passed     79.03%
  51  ACHA034-20_HLS20130_Auriculella_uniplicata         50.02%    failed      0.00%
  52  ACHA011-20_HLS20137_Auriculella_gagneorum          31.07%    passed     68.30%
  53  ACHA016-20_HLS20184_Auriculella_ambusta            30.99%    passed     65.91%
  54  ACHA046-20_HLS20536_Auriculella_gagneorum          72.58%    failed      0.00%
WARNING: 37 sequences contain more than 50% gaps/ambiguity
****  TOTAL                                              50.05%  38 sequences failed composition chi2 test (p-value<5%; df=3)


Create initial parsimony tree by phylogenetic likelihood library (PLL)... 0.002 seconds
Measuring multi-threading efficiency up to 20 CPU cores
Increase to 10 rounds for branch lengths
1395 trees examined
Threads: 1 / Time: 20.004 sec / Speedup: 1.000 / Efficiency: 100% / LogL: -20697
Threads: 2 / Time: 16.290 sec / Speedup: 1.228 / Efficiency: 61% / LogL: -20697
Threads: 3 / Time: 15.092 sec / Speedup: 1.325 / Efficiency: 44% / LogL: -20697
BEST NUMBER OF THREADS: 2

Perform fast likelihood tree search using GTR+I+G model...
Estimate model parameters (epsilon = 5.000)
Perform nearest neighbor interchange...
Estimate model parameters (epsilon = 1.000)
1. Initial log-likelihood: -13994.060
2. Current log-likelihood: -13992.878
Optimal log-likelihood: -13991.879
Rate parameters:  A-C: 0.67192  A-G: 17.92725  A-T: 4.15567  C-G: 2.11628  C-T: 14.58509  G-T: 1.00000
Base frequencies:  A: 0.266  C: 0.180  G: 0.221  T: 0.332
Proportion of invariable sites: 0.466
Gamma shape alpha: 0.239
Parameters optimization took 2 rounds (0.015 sec)
Time for fast ML tree search: 0.095 seconds

NOTE: ModelFinder requires 6 MB RAM!
ModelFinder will test up to 286 DNA models (sample size: 4770) ...
 No. Model         -LnL         df  AIC          AICc         BIC
  1  GTR+F         14952.491    113 30130.983    30136.516    30862.104
  2  GTR+F+I       14088.593    114 28405.186    28410.819    29142.778
  3  GTR+F+G4      14091.417    114 28410.833    28416.466    29148.425
  4  GTR+F+I+G4    13978.228    115 28186.455    28192.188    28930.517
  5  GTR+F+R2      13990.557    115 28211.114    28216.847    28955.176
  6  GTR+F+R3      13978.046    117 28190.092    28196.028    28947.094
  7  GTR+F+R4      13975.679    119 28189.358    28195.500    28959.300
 17  SYM+I+G4      14023.174    112 28270.347    28275.782    28994.999
 30  TVM+F+I+G4    13980.402    114 28188.803    28194.436    28926.395
 43  TVMe+I+G4     14031.282    111 28284.563    28289.901    29002.745
 56  TIM3+F+I+G4   14010.362    113 28246.725    28252.258    28977.846
 69  TIM3e+I+G4    14075.907    110 28371.814    28377.055    29083.525
 82  TIM2+F+I+G4   14008.139    113 28242.277    28247.811    28973.399
 95  TIM2e+I+G4    14092.653    110 28405.306    28410.548    29117.018
108  TIM+F+I+G4    13983.325    113 28192.651    28198.184    28923.772
121  TIMe+I+G4     14050.447    110 28320.894    28326.136    29032.605
134  TPM3u+F+I+G4  14012.147    112 28248.295    28253.730    28972.946
147  TPM3+F+I+G4   14012.147    112 28248.295    28253.730    28972.946
160  TPM2u+F+I+G4  14009.883    112 28243.766    28249.202    28968.418
173  TPM2+F+I+G4   14009.883    112 28243.766    28249.202    28968.418
186  K3Pu+F+I+G4   13985.380    112 28194.760    28200.195    28919.411
199  K3P+I+G4      14058.949    109 28335.899    28341.045    29041.140
212  TN+F+I+G4     14025.053    112 28274.106    28279.541    28998.757
225  TNe+I+G4      14123.075    109 28464.151    28469.297    29169.392
238  HKY+F+I+G4    14026.812    111 28275.625    28280.962    28993.806
251  K2P+I+G4      14131.310    108 28478.620    28483.671    29177.391
264  F81+F+I+G4    14490.814    110 29201.629    29206.870    29913.340
277  JC+I+G4       14499.950    107 29213.900    29218.858    29906.201
Akaike Information Criterion:           GTR+F+I+G4
Corrected Akaike Information Criterion: GTR+F+I+G4
Bayesian Information Criterion:         K3Pu+F+I+G4
Best-fit model: K3Pu+F+I+G4 chosen according to BIC

All model information printed to outputs/05_tree/auriculella_phylogeny.model.gz
CPU time for ModelFinder: 98.668 seconds (0h:1m:38s)
Wall-clock time for ModelFinder: 52.692 seconds (0h:0m:52s)
Generating 1000 samples for ultrafast bootstrap (seed: 866564)...

NOTE: 3 MB RAM (0 GB) is required!
Estimate model parameters (epsilon = 0.100)
Thoroughly optimizing +I+G parameters from 10 start values...
Init pinv, alpha: 0.000, 0.407 / Estimate: 0.000, 0.104 / LogL: -14100.100
Init pinv, alpha: 0.097, 0.407 / Estimate: 0.608, 0.373 / LogL: -13986.046
Init pinv, alpha: 0.193, 0.407 / Estimate: 0.608, 0.373 / LogL: -13986.040
Init pinv, alpha: 0.290, 0.407 / Estimate: 0.607, 0.372 / LogL: -13986.084
Init pinv, alpha: 0.387, 0.407 / Estimate: 0.607, 0.372 / LogL: -13986.083
Init pinv, alpha: 0.484, 0.407 / Estimate: 0.608, 0.374 / LogL: -13986.048
Init pinv, alpha: 0.580, 0.407 / Estimate: 0.607, 0.371 / LogL: -13986.124
Init pinv, alpha: 0.677, 0.407 / Estimate: 0.673, 0.532 / LogL: -13984.715
Init pinv, alpha: 0.774, 0.407 / Estimate: 0.701, 0.645 / LogL: -13985.451
Init pinv, alpha: 0.870, 0.407 / Estimate: 0.700, 0.641 / LogL: -13985.452
Optimal pinv,alpha: 0.673, 0.532 / LogL: -13984.715

Parameters optimization took 1.566 sec
Computing ML distances based on estimated model parameters...
Computing ML distances took 0.011110 sec (of wall-clock time) 0.018926 sec(of CPU time)
WARNING: Some pairwise ML distances are too long (saturated)
Computing RapidNJ tree took 0.007012 sec (of wall-clock time) 0.003820 sec (of CPU time)
Log-likelihood of RapidNJ tree: -14946.142
--------------------------------------------------------------------
|             INITIALIZING CANDIDATE TREE SET                      |
--------------------------------------------------------------------
Generating 98 parsimony trees... 0.292 second
Computing log-likelihood of 98 initial trees ... 0.180 seconds
Current best score: -13984.715

Do NNI search on 20 best initial trees
Estimate model parameters (epsilon = 0.100)
BETTER TREE FOUND at iteration 1: -13984.710
Iteration 10 / LogL: -13984.784 / Time: 0h:0m:2s
Iteration 20 / LogL: -13984.762 / Time: 0h:0m:2s
Finish initializing candidate tree set (3)
Current best tree score: -13984.710 / CPU time: 1.189
Number of iterations: 20
--------------------------------------------------------------------
|               OPTIMIZING CANDIDATE TREE SET                      |
--------------------------------------------------------------------
Iteration 30 / LogL: -13984.888 / Time: 0h:0m:3s (0h:0m:8s left)
Iteration 40 / LogL: -13986.484 / Time: 0h:0m:3s (0h:0m:5s left)
Iteration 50 / LogL: -13987.341 / Time: 0h:0m:4s (0h:0m:4s left)
Log-likelihood cutoff on original alignment: -14028.670
Iteration 60 / LogL: -13984.809 / Time: 0h:0m:4s (0h:0m:3s left)
Iteration 70 / LogL: -13986.742 / Time: 0h:0m:4s (0h:0m:2s left)
Iteration 80 / LogL: -13985.249 / Time: 0h:0m:5s (0h:0m:1s left)
Iteration 90 / LogL: -13994.316 / Time: 0h:0m:5s (0h:0m:0s left)
Iteration 100 / LogL: -13992.966 / Time: 0h:0m:6s (0h:0m:0s left)
Log-likelihood cutoff on original alignment: -14028.670
NOTE: Bootstrap correlation coefficient of split occurrence frequencies: 0.997
TREE SEARCH COMPLETED AFTER 102 ITERATIONS / Time: 0h:0m:6s

--------------------------------------------------------------------
|                    FINALIZING TREE SEARCH                        |
--------------------------------------------------------------------
Performs final model parameters optimization
Estimate model parameters (epsilon = 0.010)
1. Initial log-likelihood: -13984.710
Optimal log-likelihood: -13984.707
Rate parameters:  A-C: 1.00000  A-G: 21.43620  A-T: 5.07923  C-G: 5.07923  C-T: 21.43620  G-T: 1.00000
Base frequencies:  A: 0.266  C: 0.180  G: 0.221  T: 0.332
Proportion of invariable sites: 0.673
Gamma shape alpha: 0.530
Parameters optimization took 1 rounds (0.005 sec)
BEST SCORE FOUND : -13984.707
Creating bootstrap support values...
Split supports printed to NEXUS file outputs/05_tree/auriculella_phylogeny.splits.nex
Total tree length: 0.784

Total number of iterations: 102
CPU time used for tree search: 8.932 sec (0h:0m:8s)
Wall-clock time used for tree search: 4.756 sec (0h:0m:4s)
Total CPU time used: 12.239 sec (0h:0m:12s)
Total wall-clock time used: 6.498 sec (0h:0m:6s)

Computing bootstrap consensus tree...
Reading input file outputs/05_tree/auriculella_phylogeny.splits.nex...
54 taxa and 241 splits.
Consensus tree written to outputs/05_tree/auriculella_phylogeny.contree
Reading input trees file outputs/05_tree/auriculella_phylogeny.contree
Log-likelihood of consensus tree: -13984.751

Analysis results written to: 
  IQ-TREE report:                outputs/05_tree/auriculella_phylogeny.iqtree
  Maximum-likelihood tree:       outputs/05_tree/auriculella_phylogeny.treefile
  Likelihood distances:          outputs/05_tree/auriculella_phylogeny.mldist

Ultrafast bootstrap approximation results written to:
  Split support values:          outputs/05_tree/auriculella_phylogeny.splits.nex
  Consensus tree:                outputs/05_tree/auriculella_phylogeny.contree
  Screen log file:               outputs/05_tree/auriculella_phylogeny.log

Date and Time: Tue Jun  3 15:03:20 2025
