IQ-TREE multicore version 2.1.4-beta COVID-edition for Linux 64-bit built Jun 24 2021
Developed by Bui Quang Minh, James Barbetti, Nguyen Lam Tung,
Olga Chernomor, Heiko Schmidt, Dominik Schrempf, Michael Woodhams.

Host:    TCLASOL-13PJMX3 (AVX2, FMA3, 31 GB RAM)
Command: iqtree -s outputs/04_supermatrix/filtered/FcC_supermatrix.fas -p outputs/05_tree/locus_partitioning_with_site_removal/auriculella_partitions.txt -redo -nt AUTO -bb 1000 -pre outputs/05_tree/locus_partitioning_with_site_removal/auriculella_phylogeny_locus_partitioning_with_site_removal
Seed:    317238 (Using SPRNG - Scalable Parallel Random Number Generator)
Time:    Fri Jun 13 17:40:21 2025
Kernel:  AVX+FMA - auto-detect threads (20 CPU cores detected)

Reading partition model file outputs/05_tree/locus_partitioning_with_site_removal/auriculella_partitions.txt ...
Reading alignment file outputs/04_supermatrix/filtered/FcC_supermatrix.fas ... Fasta format detected
Alignment most likely contains DNA/RNA sequences
Alignment has 54 sequences with 488 columns, 195 distinct patterns
488 parsimony-informative, 0 singleton sites, 0 constant sites
                                                  Gap/Ambiguity  Composition  p-value
   1  ACHA009-20_HLS20647_Auriculella_tenella             0.82%    passed     95.89%
   2  ACHA044-20_HLS20879_Auriculella_ambusta            33.61%    passed     14.57%
   3  ACHA030-20_HLS20153_Auriculella_turritella         28.69%    passed     66.58%
   4  ACHA033-20_HLS20459_Auriculella_crassula           28.69%    passed     37.77%
   5  ACHA028-20_HLS20149_Auriculella_uniplicata         28.69%    passed     86.04%
   6  ACHA051-20_HLS20461_Auriculella_turritella         33.61%    passed     56.77%
   7  ACHA027-20_HLS20138_Auriculella_gagneorum          28.69%    passed     78.72%
   8  ACHA001-20_HLS20486_Tornatellaria_sp                0.41%    passed      5.21%
   9  ACHA024-20_HLS20454_Auriculella_crassula           28.69%    passed     81.09%
  10  ACHA012-20_HLS20649_Auriculella_tenella             0.82%    passed     56.34%
  11  ACHA014-20_HLS20730_Auriculella_malleata            3.28%    failed      1.50%
  12  ACHA006-20_HLS20597_Auriculella_crassula            0.41%    passed     51.07%
  13  ACHA040-20_HLS21703_Auriculella_perpusilla         33.61%    passed     14.57%
  14  ACHA004-20_HLS20609_Auriculella_crassula            0.00%    passed     71.79%
  15  ACHA036-20_HLS20183_Auriculella_ambusta            28.69%    passed     24.29%
  16  ACHA048-20_HLS20198_Auriculella_turritella         33.61%    passed     40.56%
  17  ACHA032-20_HLS20127_Auriculella_uniplicata         28.69%    passed     41.43%
  18  ACHA020-20_HLS20595_Auriculella_crassula           28.69%    passed     83.31%
  19  ACHA026-20_HLS20336_Auriculella_turritella         28.69%    passed     98.32%
  20  ACHA013-20_HLS20458_Auriculella_crassula            0.41%    passed     90.87%
  21  ACHA041-20_HLS20731_Auriculella_malleata           35.25%    passed     31.58%
  22  ACHA029-20_HLS20186_Auriculella_gagneorum          28.69%    passed     32.99%
  23  ACHA039-20_HLS21705_Auriculella_perpusilla         33.61%    passed     22.85%
  24  ACHA017-20_HLS20878_Auriculella_gagneorum           5.74%    passed     69.81%
  25  ACHA053-20_HLS21612_Auriculella_perversa           33.61%    failed      0.04%
  26  ACHA023-20_HLS20607_Auriculella_crassula           28.69%    passed     56.67%
  27  ACHA008-20_HLS20187_Auriculella_perpusilla          0.41%    passed     91.06%
  28  ACHA002-20_HLS20002_Tornatellides_sp                0.41%    passed     35.01%
  29  ACHA010-20_HLS20134_Auriculella_tenella             0.41%    passed     81.39%
  30  ACHA045-20_HLS20816_Auriculella_turritella         33.61%    passed     49.90%
  31  ACHA007-20_HLS20655_Auriculella_malleata            0.41%    passed     11.39%
  32  ACHA043-20_HLS21744_Auriculella_ambusta            33.61%    passed     66.88%
  33  ACHA049-20_HLS21154_Auriculella_montana            35.25%    failed      3.79%
  34  ACHA042-20_HLS20524_Auriculella_tenella            33.61%    passed     31.42%
  35  ACHA021-20_HLS21114_Auriculella_malleata           28.69%    passed     26.25%
  36  ACHA052-20_HLS20232_Auriculella_perversa           33.61%    failed      0.04%
  37  ACHA050-20_HLS20539_Auriculella_gagneorum          33.61%    passed     89.39%
  38  ACHA003-20_HLS20637_Auriculella_crassula            0.41%    passed     33.80%
  39  ACHA015-20_HLS20185_Auriculella_gagneorum           0.82%    passed     56.09%
  40  ACHA025-20_HLS20708_Auriculella_uniplicata         28.69%    passed     62.37%
  41  ACHA038-20_HLS21113_Auriculella_malleata           31.97%    passed     59.05%
  42  ACHA031-20_HLS20126_Auriculella_uniplicata         28.69%    passed     62.91%
  43  ACHA011-20_HLS20137_Auriculella_gagneorum           0.82%    passed     77.71%
  44  ACHA019-20_HLS20347_Auriculella_tenella             5.33%    passed     43.74%
  45  ACHA016-20_HLS20184_Auriculella_ambusta             0.41%    passed     13.39%
  46  ACHA005-20_HLS20091_Auriculella_perpusilla          0.41%    passed     91.06%
  47  ACHA037-20_HLS20131_Auriculella_uniplicata         28.69%    passed     33.63%
  48  ACHA022-20_HLS20335_Auriculella_turritella         28.69%    passed     97.15%
  49  ACHA035-20_HLS20702_Auriculella_uniplicata         28.69%    passed     88.39%
  50  ACHA034-20_HLS20130_Auriculella_uniplicata         28.69%    passed     56.53%
  51  ACHA216-22_PCMB54681_Tornatellides_subperforatus    0.82%    failed      0.00%
  52  ACHA018-20_HLS20747_Auriculella_ambusta             5.33%    passed     52.16%
  53  ACHA047-20_HLS20723_Auriculella_malleata           33.61%    passed     70.97%
  54  ACHA046-20_HLS20536_Auriculella_gagneorum          33.61%    passed     89.39%
****  TOTAL                                              20.07%  5 sequences failed composition chi2 test (p-value<5%; df=3)

Partition file is not in NEXUS format, assuming RAxML-style partition file...
Subset	Type	Seqs	Sites	Infor	Invar	Model	Name
1	DNA	20	70	70	0	GTR	16S
2	DNA	36	12	12	0	GTR	28S
3	DNA	54	162	162	0	GTR	COI-5P
Degree of missing data: 0.197
Info: multi-threading strategy over partitions


Create initial parsimony tree by phylogenetic likelihood library (PLL)... 0.003 seconds
Generating 1000 samples for ultrafast bootstrap (seed: 317238)...

NOTE: 1 MB RAM (0 GB) is required!
Measuring multi-threading efficiency up to 20 CPU cores
Increase to 10 rounds for branch lengths
1697 trees examined
Threads: 1 / Time: 20.010 sec / Speedup: 1.000 / Efficiency: 100% / LogL: -6303
Threads: 2 / Time: 18.655 sec / Speedup: 1.073 / Efficiency: 54% / LogL: -6303
Threads: 3 / Time: 19.727 sec / Speedup: 1.014 / Efficiency: 34% / LogL: -6303
BEST NUMBER OF THREADS: 2

Estimate model parameters (epsilon = 0.100)
Initial log-likelihood: -3223.676
Current log-likelihood at step 1: -2887.875
Current log-likelihood at step 2: -2863.086
Current log-likelihood at step 3: -2838.166
Current log-likelihood at step 4: -2760.270
Current log-likelihood at step 5: -2758.337
Current log-likelihood at step 6: -2757.701
Current log-likelihood at step 7: -2757.603
Partition-specific rates:  0.695 0.316 1.182
Parameters optimization took 6 rounds (0.050 sec)

Computing ML distances based on estimated model parameters...
Computing ML distances took 0.000116 sec (of wall-clock time) 0.000112 sec(of CPU time)
WARNING: Some pairwise ML distances are too long (saturated)
Computing RapidNJ tree took 0.006169 sec (of wall-clock time) 0.002605 sec (of CPU time)
Log-likelihood of RapidNJ tree: -5211.286
--------------------------------------------------------------------
|             INITIALIZING CANDIDATE TREE SET                      |
--------------------------------------------------------------------
Generating 98 parsimony trees... 0.235 second
Computing log-likelihood of 98 initial trees ... 0.178 seconds
Current best score: -2753.515

Do NNI search on 20 best initial trees
Estimate model parameters (epsilon = 0.100)
Initial log-likelihood: -2749.625
Current log-likelihood at step 1: -2748.973
Current log-likelihood at step 2: -2748.916
Parameters optimization took 1 rounds (0.009 sec)

BETTER TREE FOUND at iteration 1: -2748.916
Estimate model parameters (epsilon = 0.100)
Initial log-likelihood: -2748.694
Current log-likelihood at step 1: -2748.577
Current log-likelihood at step 2: -2748.525
Parameters optimization took 1 rounds (0.006 sec)

BETTER TREE FOUND at iteration 8: -2748.525
Estimate model parameters (epsilon = 0.100)
Initial log-likelihood: -2747.767
Current log-likelihood at step 1: -2747.596
Current log-likelihood at step 2: -2747.575
Parameters optimization took 1 rounds (0.007 sec)

BETTER TREE FOUND at iteration 10: -2747.575
Iteration 10 / LogL: -2747.575 / Time: 0h:0m:59s
Iteration 20 / LogL: -2750.999 / Time: 0h:0m:59s
Finish initializing candidate tree set (20)
Current best tree score: -2747.575 / CPU time: 1.112
Number of iterations: 20
--------------------------------------------------------------------
|               OPTIMIZING CANDIDATE TREE SET                      |
--------------------------------------------------------------------
BETTER TREE FOUND at iteration 21: -2747.572
Estimate model parameters (epsilon = 0.100)
Initial log-likelihood: -2747.552
Current log-likelihood at step 1: -2747.424
Current log-likelihood at step 2: -2747.414
Parameters optimization took 1 rounds (0.007 sec)

BETTER TREE FOUND at iteration 26: -2747.414
Iteration 30 / LogL: -2762.896 / Time: 0h:1m:0s (0h:3m:19s left)
BETTER TREE FOUND at iteration 35: -2747.414
Iteration 40 / LogL: -2762.932 / Time: 0h:1m:0s (0h:2m:27s left)
Estimate model parameters (epsilon = 0.100)
Initial log-likelihood: -2747.400
Current log-likelihood at step 1: -2747.388
Parameters optimization took 0 rounds (0.003 sec)

BETTER TREE FOUND at iteration 44: -2747.388
Iteration 50 / LogL: -2747.780 / Time: 0h:1m:1s (0h:1m:57s left)
Log-likelihood cutoff on original alignment: -2776.525
Estimate model parameters (epsilon = 0.100)
Initial log-likelihood: -2747.377
Current log-likelihood at step 1: -2747.358
Parameters optimization took 0 rounds (0.003 sec)

UPDATE BEST LOG-LIKELIHOOD: -2747.358
Iteration 60 / LogL: -2747.421 / Time: 0h:1m:1s (0h:1m:27s left)
Iteration 70 / LogL: -2747.946 / Time: 0h:1m:2s (0h:1m:6s left)
Iteration 80 / LogL: -2767.024 / Time: 0h:1m:2s (0h:0m:50s left)
Iteration 90 / LogL: -2747.836 / Time: 0h:1m:3s (0h:0m:38s left)
Iteration 100 / LogL: -2751.510 / Time: 0h:1m:3s (0h:0m:28s left)
Log-likelihood cutoff on original alignment: -2776.191
NOTE: Bootstrap correlation coefficient of split occurrence frequencies: 0.996
Iteration 110 / LogL: -2747.376 / Time: 0h:1m:4s (0h:0m:52s left)
Iteration 120 / LogL: -2765.843 / Time: 0h:1m:4s (0h:0m:43s left)
UPDATE BEST LOG-LIKELIHOOD: -2747.358
Iteration 130 / LogL: -2747.420 / Time: 0h:1m:5s (0h:0m:35s left)
UPDATE BEST LOG-LIKELIHOOD: -2747.358
Iteration 140 / LogL: -2747.694 / Time: 0h:1m:5s (0h:0m:28s left)
TREE SEARCH COMPLETED AFTER 145 ITERATIONS / Time: 0h:1m:5s

--------------------------------------------------------------------
|                    FINALIZING TREE SEARCH                        |
--------------------------------------------------------------------
Performs final model parameters optimization
Estimate model parameters (epsilon = 0.010)
Initial log-likelihood: -2747.358
Current log-likelihood at step 1: -2747.349
Partition-specific rates:  0.661 0.316 1.197
Parameters optimization took 0 rounds (0.003 sec)

Partition information was printed to outputs/05_tree/locus_partitioning_with_site_removal/auriculella_phylogeny_locus_partitioning_with_site_removal.best_model.nex
BEST SCORE FOUND : -2747.349
Creating bootstrap support values...
Split supports printed to NEXUS file outputs/05_tree/locus_partitioning_with_site_removal/auriculella_phylogeny_locus_partitioning_with_site_removal.splits.nex
Total tree length: 6.189

Total number of iterations: 145
CPU time used for tree search: 13.181 sec (0h:0m:13s)
Wall-clock time used for tree search: 7.333 sec (0h:0m:7s)
Total CPU time used: 122.691 sec (0h:2m:2s)
Total wall-clock time used: 65.946 sec (0h:1m:5s)

Computing bootstrap consensus tree...
Reading input file outputs/05_tree/locus_partitioning_with_site_removal/auriculella_phylogeny_locus_partitioning_with_site_removal.splits.nex...
54 taxa and 332 splits.
Consensus tree written to outputs/05_tree/locus_partitioning_with_site_removal/auriculella_phylogeny_locus_partitioning_with_site_removal.contree
Reading input trees file outputs/05_tree/locus_partitioning_with_site_removal/auriculella_phylogeny_locus_partitioning_with_site_removal.contree
Log-likelihood of consensus tree: -2747.351

Analysis results written to: 
  IQ-TREE report:                outputs/05_tree/locus_partitioning_with_site_removal/auriculella_phylogeny_locus_partitioning_with_site_removal.iqtree
  Maximum-likelihood tree:       outputs/05_tree/locus_partitioning_with_site_removal/auriculella_phylogeny_locus_partitioning_with_site_removal.treefile
  Likelihood distances:          outputs/05_tree/locus_partitioning_with_site_removal/auriculella_phylogeny_locus_partitioning_with_site_removal.mldist

Ultrafast bootstrap approximation results written to:
  Split support values:          outputs/05_tree/locus_partitioning_with_site_removal/auriculella_phylogeny_locus_partitioning_with_site_removal.splits.nex
  Consensus tree:                outputs/05_tree/locus_partitioning_with_site_removal/auriculella_phylogeny_locus_partitioning_with_site_removal.contree
  Screen log file:               outputs/05_tree/locus_partitioning_with_site_removal/auriculella_phylogeny_locus_partitioning_with_site_removal.log

Date and Time: Fri Jun 13 17:41:27 2025
