IQ-TREE multicore version 2.1.4-beta COVID-edition for Linux 64-bit built Jun 24 2021
Developed by Bui Quang Minh, James Barbetti, Nguyen Lam Tung,
Olga Chernomor, Heiko Schmidt, Dominik Schrempf, Michael Woodhams.

Host:    TCLASOL-13PJMX3 (AVX2, FMA3, 31 GB RAM)
Command: iqtree -s outputs/04_supermatrix/original/FcC_supermatrix.fas -p outputs/06_tree/05_iqtree_locus_partitioning_without_site_removal/auriculella_partitions.txt -redo -nt AUTO -bb 1000 -pre outputs/06_tree/05_iqtree_locus_partitioning_without_site_removal/auriculella_phylogeny_05_iqtree_locus_partitioning_without_site_removal
Seed:    8551 (Using SPRNG - Scalable Parallel Random Number Generator)
Time:    Fri Jun 20 16:21:26 2025
Kernel:  AVX+FMA - auto-detect threads (20 CPU cores detected)

Reading partition model file outputs/06_tree/05_iqtree_locus_partitioning_without_site_removal/auriculella_partitions.txt ...
Reading alignment file outputs/04_supermatrix/original/FcC_supermatrix.fas ... Fasta format detected
Alignment most likely contains DNA/RNA sequences
WARNING: 2 sites contain only gaps or ambiguous characters.
Alignment has 54 sequences with 2385 columns, 285 distinct patterns
244 parsimony-informative, 65 singleton sites, 2076 constant sites
                                                  Gap/Ambiguity  Composition  p-value
   1  ACHA045-20_HLS20816_Auriculella_turritella         72.58%    failed      0.00%
   2  ACHA007-20_HLS20655_Auriculella_malleata           30.99%    passed     98.02%
   3  ACHA032-20_HLS20127_Auriculella_uniplicata         50.02%    failed      0.07%
   4  ACHA012-20_HLS20649_Auriculella_tenella            31.07%    passed     86.53%
   5  ACHA022-20_HLS20335_Auriculella_turritella         50.02%    failed      0.18%
   6  ACHA026-20_HLS20336_Auriculella_turritella         50.02%    failed      0.15%
   7  ACHA043-20_HLS21744_Auriculella_ambusta            72.58%    failed      0.00%
   8  ACHA048-20_HLS20198_Auriculella_turritella         72.58%    failed      0.00%
   9  ACHA025-20_HLS20708_Auriculella_uniplicata         50.02%    failed      0.15%
  10  ACHA008-20_HLS20187_Auriculella_perpusilla         30.99%    passed     92.70%
  11  ACHA046-20_HLS20536_Auriculella_gagneorum          72.58%    failed      0.00%
  12  ACHA011-20_HLS20137_Auriculella_gagneorum          31.07%    passed     86.17%
  13  ACHA001-20_HLS20486_Tornatellaria_sp               30.86%    passed     93.90%
  14  ACHA044-20_HLS20879_Auriculella_ambusta            72.58%    failed      0.00%
  15  ACHA030-20_HLS20153_Auriculella_turritella         50.02%    failed      0.11%
  16  ACHA036-20_HLS20183_Auriculella_ambusta            50.02%    failed      0.03%
  17  ACHA028-20_HLS20149_Auriculella_uniplicata         50.02%    failed      0.15%
  18  ACHA038-20_HLS21113_Auriculella_malleata           51.19%    failed      0.08%
  19  ACHA002-20_HLS20002_Tornatellides_sp               31.24%    passed     67.53%
  20  ACHA050-20_HLS20539_Auriculella_gagneorum          72.58%    failed      0.00%
  21  ACHA010-20_HLS20134_Auriculella_tenella            31.03%    passed     86.49%
  22  ACHA005-20_HLS20091_Auriculella_perpusilla         30.99%    passed     91.39%
  23  ACHA033-20_HLS20459_Auriculella_crassula           50.02%    failed      0.27%
  24  ACHA031-20_HLS20126_Auriculella_uniplicata         50.02%    failed      0.08%
  25  ACHA009-20_HLS20647_Auriculella_tenella            31.07%    passed     88.25%
  26  ACHA018-20_HLS20747_Auriculella_ambusta            53.54%    failed      0.00%
  27  ACHA029-20_HLS20186_Auriculella_gagneorum          50.02%    failed      0.26%
  28  ACHA042-20_HLS20524_Auriculella_tenella            72.58%    failed      0.00%
  29  ACHA047-20_HLS20723_Auriculella_malleata           72.58%    failed      0.00%
  30  ACHA004-20_HLS20609_Auriculella_crassula           30.94%    passed     84.13%
  31  ACHA051-20_HLS20461_Auriculella_turritella         72.58%    failed      0.00%
  32  ACHA015-20_HLS20185_Auriculella_gagneorum          31.07%    passed     76.92%
  33  ACHA034-20_HLS20130_Auriculella_uniplicata         50.02%    failed      0.09%
  34  ACHA037-20_HLS20131_Auriculella_uniplicata         50.02%    failed      0.07%
  35  ACHA023-20_HLS20607_Auriculella_crassula           50.02%    failed      0.34%
  36  ACHA052-20_HLS20232_Auriculella_perversa           72.58%    failed      0.00%
  37  ACHA006-20_HLS20597_Auriculella_crassula           30.99%    passed     86.12%
  38  ACHA019-20_HLS20347_Auriculella_tenella            53.58%    failed      0.00%
  39  ACHA017-20_HLS20878_Auriculella_gagneorum          53.63%    failed      0.00%
  40  ACHA040-20_HLS21703_Auriculella_perpusilla         72.58%    failed      0.00%
  41  ACHA003-20_HLS20637_Auriculella_crassula           30.99%    passed     77.96%
  42  ACHA035-20_HLS20702_Auriculella_uniplicata         50.02%    failed      0.12%
  43  ACHA024-20_HLS20454_Auriculella_crassula           50.02%    failed      0.23%
  44  ACHA014-20_HLS20730_Auriculella_malleata           32.62%    passed     76.26%
  45  ACHA021-20_HLS21114_Auriculella_malleata           50.02%    failed      0.22%
  46  ACHA216-22_PCMB54681_Tornatellides_subperforatus    1.64%    failed      0.00%
  47  ACHA041-20_HLS20731_Auriculella_malleata           73.63%    failed      0.00%
  48  ACHA027-20_HLS20138_Auriculella_gagneorum          50.02%    failed      0.18%
  49  ACHA016-20_HLS20184_Auriculella_ambusta            30.99%    passed     84.93%
  50  ACHA013-20_HLS20458_Auriculella_crassula           30.99%    passed     93.36%
  51  ACHA049-20_HLS21154_Auriculella_montana            73.63%    failed      0.00%
  52  ACHA020-20_HLS20595_Auriculella_crassula           50.02%    failed      0.29%
  53  ACHA053-20_HLS21612_Auriculella_perversa           72.58%    failed      0.00%
  54  ACHA039-20_HLS21705_Auriculella_perpusilla         72.58%    failed      0.00%
WARNING: 37 sequences contain more than 50% gaps/ambiguity
****  TOTAL                                              50.05%  38 sequences failed composition chi2 test (p-value<5%; df=3)

Partition file is not in NEXUS format, assuming RAxML-style partition file...
Subset	Type	Seqs	Sites	Infor	Invar	Model	Name
1	DNA	20	471	70	371	GTR	16S
2	DNA	36	538	12	519	GTR	28S
3	DNA	54	654	162	464	GTR	COI-5P
4	DNA	3	722	0	722	GTR	ITS
WARNING: No variant sites in partition ITS
Degree of missing data: 0.485
Info: multi-threading strategy over partitions


Create initial parsimony tree by phylogenetic likelihood library (PLL)... 0.003 seconds
Generating 1000 samples for ultrafast bootstrap (seed: 8551)...

NOTE: 1 MB RAM (0 GB) is required!
Measuring multi-threading efficiency up to 20 CPU cores
Increase to 10 rounds for branch lengths
2213 trees examined
Threads: 1 / Time: 20.003 sec / Speedup: 1.000 / Efficiency: 100% / LogL: -12210
Threads: 2 / Time: 17.532 sec / Speedup: 1.141 / Efficiency: 57% / LogL: -12210
Threads: 3 / Time: 18.340 sec / Speedup: 1.091 / Efficiency: 36% / LogL: -12210
BEST NUMBER OF THREADS: 2

Estimate model parameters (epsilon = 0.100)
Initial log-likelihood: -7605.229
Current log-likelihood at step 1: -7177.777
Current log-likelihood at step 2: -7108.149
Current log-likelihood at step 3: -7104.039
Current log-likelihood at step 4: -7103.850
Current log-likelihood at step 5: -7103.794
Partition-specific rates:  1.129 0.106 1.866 0.797
Parameters optimization took 4 rounds (0.035 sec)

Computing ML distances based on estimated model parameters...
Computing ML distances took 0.000313 sec (of wall-clock time) 0.000301 sec(of CPU time)
WARNING: Some pairwise ML distances are too long (saturated)
Computing RapidNJ tree took 0.010499 sec (of wall-clock time) 0.007184 sec (of CPU time)
Log-likelihood of RapidNJ tree: -11473.143
--------------------------------------------------------------------
|             INITIALIZING CANDIDATE TREE SET                      |
--------------------------------------------------------------------
Generating 98 parsimony trees... 0.267 second
Computing log-likelihood of 98 initial trees ... 0.197 seconds
Current best score: -7102.173

Do NNI search on 20 best initial trees
Estimate model parameters (epsilon = 0.100)
Initial log-likelihood: -7100.768
Current log-likelihood at step 1: -7100.646
Current log-likelihood at step 2: -7100.582
Parameters optimization took 1 rounds (0.008 sec)

BETTER TREE FOUND at iteration 1: -7100.582
Iteration 10 / LogL: -7100.945 / Time: 0h:0m:56s
Iteration 20 / LogL: -7100.590 / Time: 0h:0m:57s
Finish initializing candidate tree set (5)
Current best tree score: -7100.582 / CPU time: 0.969
Number of iterations: 20
--------------------------------------------------------------------
|               OPTIMIZING CANDIDATE TREE SET                      |
--------------------------------------------------------------------
Iteration 30 / LogL: -7100.589 / Time: 0h:0m:57s (0h:2m:20s left)
Iteration 40 / LogL: -7100.947 / Time: 0h:0m:57s (0h:1m:30s left)
Iteration 50 / LogL: -7101.019 / Time: 0h:0m:58s (0h:1m:0s left)
Log-likelihood cutoff on original alignment: -7137.103
Iteration 60 / LogL: -7100.670 / Time: 0h:0m:58s (0h:0m:40s left)
Iteration 70 / LogL: -7118.891 / Time: 0h:0m:59s (0h:0m:26s left)
Iteration 80 / LogL: -7100.589 / Time: 0h:0m:59s (0h:0m:15s left)
Iteration 90 / LogL: -7100.585 / Time: 0h:1m:0s (0h:0m:7s left)
UPDATE BEST LOG-LIKELIHOOD: -7100.582
Iteration 100 / LogL: -7100.938 / Time: 0h:1m:0s (0h:0m:0s left)
Log-likelihood cutoff on original alignment: -7138.023
NOTE: Bootstrap correlation coefficient of split occurrence frequencies: 0.999
TREE SEARCH COMPLETED AFTER 102 ITERATIONS / Time: 0h:1m:0s

--------------------------------------------------------------------
|                    FINALIZING TREE SEARCH                        |
--------------------------------------------------------------------
Performs final model parameters optimization
Estimate model parameters (epsilon = 0.010)
Initial log-likelihood: -7100.582
Current log-likelihood at step 1: -7100.553
Current log-likelihood at step 2: -7100.538
Current log-likelihood at step 3: -7100.524
Current log-likelihood at step 4: -7100.515
Partition-specific rates:  1.201 0.112 2.002 0.623
Parameters optimization took 3 rounds (0.011 sec)

Partition information was printed to outputs/06_tree/05_iqtree_locus_partitioning_without_site_removal/auriculella_phylogeny_05_iqtree_locus_partitioning_without_site_removal.best_model.nex
BEST SCORE FOUND : -7100.515
Creating bootstrap support values...
Split supports printed to NEXUS file outputs/06_tree/05_iqtree_locus_partitioning_without_site_removal/auriculella_phylogeny_05_iqtree_locus_partitioning_without_site_removal.splits.nex
Total tree length: 0.413

Total number of iterations: 102
CPU time used for tree search: 8.237 sec (0h:0m:8s)
Wall-clock time used for tree search: 4.630 sec (0h:0m:4s)
Total CPU time used: 112.173 sec (0h:1m:52s)
Total wall-clock time used: 60.771 sec (0h:1m:0s)

Computing bootstrap consensus tree...
Reading input file outputs/06_tree/05_iqtree_locus_partitioning_without_site_removal/auriculella_phylogeny_05_iqtree_locus_partitioning_without_site_removal.splits.nex...
54 taxa and 274 splits.
Consensus tree written to outputs/06_tree/05_iqtree_locus_partitioning_without_site_removal/auriculella_phylogeny_05_iqtree_locus_partitioning_without_site_removal.contree
Reading input trees file outputs/06_tree/05_iqtree_locus_partitioning_without_site_removal/auriculella_phylogeny_05_iqtree_locus_partitioning_without_site_removal.contree
Log-likelihood of consensus tree: -7101.303

Analysis results written to: 
  IQ-TREE report:                outputs/06_tree/05_iqtree_locus_partitioning_without_site_removal/auriculella_phylogeny_05_iqtree_locus_partitioning_without_site_removal.iqtree
  Maximum-likelihood tree:       outputs/06_tree/05_iqtree_locus_partitioning_without_site_removal/auriculella_phylogeny_05_iqtree_locus_partitioning_without_site_removal.treefile
  Likelihood distances:          outputs/06_tree/05_iqtree_locus_partitioning_without_site_removal/auriculella_phylogeny_05_iqtree_locus_partitioning_without_site_removal.mldist

Ultrafast bootstrap approximation results written to:
  Split support values:          outputs/06_tree/05_iqtree_locus_partitioning_without_site_removal/auriculella_phylogeny_05_iqtree_locus_partitioning_without_site_removal.splits.nex
  Consensus tree:                outputs/06_tree/05_iqtree_locus_partitioning_without_site_removal/auriculella_phylogeny_05_iqtree_locus_partitioning_without_site_removal.contree
  Screen log file:               outputs/06_tree/05_iqtree_locus_partitioning_without_site_removal/auriculella_phylogeny_05_iqtree_locus_partitioning_without_site_removal.log

Date and Time: Fri Jun 20 16:22:26 2025
