IQ-TREE multicore version 2.1.4-beta COVID-edition for Linux 64-bit built Jun 24 2021
Developed by Bui Quang Minh, James Barbetti, Nguyen Lam Tung,
Olga Chernomor, Heiko Schmidt, Dominik Schrempf, Michael Woodhams.

Host:    TCLASOL-13PJMX3 (AVX2, FMA3, 31 GB RAM)
Command: iqtree -s outputs/04_supermatrix/original/FcC_supermatrix.fas -p outputs/05_tree/locus_codon_partition_without_site_removal/auriculella_partitions.txt -redo -nt AUTO -bb 1000 -pre outputs/05_tree/locus_codon_partition_without_site_removal/auriculella_phylogeny_locus_codon_partition_without_site_removal
Seed:    538846 (Using SPRNG - Scalable Parallel Random Number Generator)
Time:    Fri Jun 13 17:41:27 2025
Kernel:  AVX+FMA - auto-detect threads (20 CPU cores detected)

Reading partition model file outputs/05_tree/locus_codon_partition_without_site_removal/auriculella_partitions.txt ...
Reading alignment file outputs/04_supermatrix/original/FcC_supermatrix.fas ... Fasta format detected
Alignment most likely contains DNA/RNA sequences
WARNING: 4 sites contain only gaps or ambiguous characters.
Alignment has 54 sequences with 4770 columns, 285 distinct patterns
488 parsimony-informative, 130 singleton sites, 4152 constant sites
                                                  Gap/Ambiguity  Composition  p-value
   1  ACHA043-20_HLS21744_Auriculella_ambusta            72.58%    failed      0.00%
   2  ACHA053-20_HLS21612_Auriculella_perversa           72.58%    failed      0.00%
   3  ACHA023-20_HLS20607_Auriculella_crassula           50.02%    failed      0.00%
   4  ACHA009-20_HLS20647_Auriculella_tenella            31.07%    passed     72.43%
   5  ACHA028-20_HLS20149_Auriculella_uniplicata         50.02%    failed      0.00%
   6  ACHA012-20_HLS20649_Auriculella_tenella            31.07%    passed     68.99%
   7  ACHA035-20_HLS20702_Auriculella_uniplicata         50.02%    failed      0.00%
   8  ACHA037-20_HLS20131_Auriculella_uniplicata         50.02%    failed      0.00%
   9  ACHA048-20_HLS20198_Auriculella_turritella         72.58%    failed      0.00%
  10  ACHA047-20_HLS20723_Auriculella_malleata           72.58%    failed      0.00%
  11  ACHA020-20_HLS20595_Auriculella_crassula           50.02%    failed      0.00%
  12  ACHA033-20_HLS20459_Auriculella_crassula           50.02%    failed      0.00%
  13  ACHA019-20_HLS20347_Auriculella_tenella            53.58%    failed      0.00%
  14  ACHA040-20_HLS21703_Auriculella_perpusilla         72.58%    failed      0.00%
  15  ACHA001-20_HLS20486_Tornatellaria_sp               30.86%    passed     84.66%
  16  ACHA216-22_PCMB54681_Tornatellides_subperforatus    1.64%    failed      0.00%
  17  ACHA034-20_HLS20130_Auriculella_uniplicata         50.02%    failed      0.00%
  18  ACHA030-20_HLS20153_Auriculella_turritella         50.02%    failed      0.00%
  19  ACHA032-20_HLS20127_Auriculella_uniplicata         50.02%    failed      0.00%
  20  ACHA004-20_HLS20609_Auriculella_crassula           30.94%    passed     64.40%
  21  ACHA042-20_HLS20524_Auriculella_tenella            72.58%    failed      0.00%
  22  ACHA002-20_HLS20002_Tornatellides_sp               31.24%    passed     38.24%
  23  ACHA005-20_HLS20091_Auriculella_perpusilla         30.99%    passed     79.03%
  24  ACHA024-20_HLS20454_Auriculella_crassula           50.02%    failed      0.00%
  25  ACHA022-20_HLS20335_Auriculella_turritella         50.02%    failed      0.00%
  26  ACHA046-20_HLS20536_Auriculella_gagneorum          72.58%    failed      0.00%
  27  ACHA006-20_HLS20597_Auriculella_crassula           30.99%    passed     68.19%
  28  ACHA049-20_HLS21154_Auriculella_montana            73.63%    failed      0.00%
  29  ACHA038-20_HLS21113_Auriculella_malleata           51.19%    failed      0.00%
  30  ACHA031-20_HLS20126_Auriculella_uniplicata         50.02%    failed      0.00%
  31  ACHA017-20_HLS20878_Auriculella_gagneorum          53.63%    failed      0.00%
  32  ACHA052-20_HLS20232_Auriculella_perversa           72.58%    failed      0.00%
  33  ACHA013-20_HLS20458_Auriculella_crassula           30.99%    passed     83.42%
  34  ACHA018-20_HLS20747_Auriculella_ambusta            53.54%    failed      0.00%
  35  ACHA003-20_HLS20637_Auriculella_crassula           30.99%    passed     53.60%
  36  ACHA025-20_HLS20708_Auriculella_uniplicata         50.02%    failed      0.00%
  37  ACHA044-20_HLS20879_Auriculella_ambusta            72.58%    failed      0.00%
  38  ACHA027-20_HLS20138_Auriculella_gagneorum          50.02%    failed      0.00%
  39  ACHA041-20_HLS20731_Auriculella_malleata           73.63%    failed      0.00%
  40  ACHA014-20_HLS20730_Auriculella_malleata           32.62%    passed     50.87%
  41  ACHA051-20_HLS20461_Auriculella_turritella         72.58%    failed      0.00%
  42  ACHA008-20_HLS20187_Auriculella_perpusilla         30.99%    passed     81.93%
  43  ACHA010-20_HLS20134_Auriculella_tenella            31.03%    passed     68.91%
  44  ACHA026-20_HLS20336_Auriculella_turritella         50.02%    failed      0.00%
  45  ACHA050-20_HLS20539_Auriculella_gagneorum          72.58%    failed      0.00%
  46  ACHA016-20_HLS20184_Auriculella_ambusta            30.99%    passed     65.91%
  47  ACHA029-20_HLS20186_Auriculella_gagneorum          50.02%    failed      0.00%
  48  ACHA011-20_HLS20137_Auriculella_gagneorum          31.07%    passed     68.30%
  49  ACHA045-20_HLS20816_Auriculella_turritella         72.58%    failed      0.00%
  50  ACHA021-20_HLS21114_Auriculella_malleata           50.02%    failed      0.00%
  51  ACHA007-20_HLS20655_Auriculella_malleata           30.99%    passed     94.70%
  52  ACHA039-20_HLS21705_Auriculella_perpusilla         72.58%    failed      0.00%
  53  ACHA015-20_HLS20185_Auriculella_gagneorum          31.07%    passed     51.91%
  54  ACHA036-20_HLS20183_Auriculella_ambusta            50.02%    failed      0.00%
WARNING: 37 sequences contain more than 50% gaps/ambiguity
****  TOTAL                                              50.05%  38 sequences failed composition chi2 test (p-value<5%; df=3)

Partition file is not in NEXUS format, assuming RAxML-style partition file...
Subset	Type	Seqs	Sites	Infor	Invar	Model	Name
1	DNA	20	471	70	371	GTR	16S
2	DNA	36	538	12	519	GTR	28S
3	DNA	54	218	28	188	GTR	COI-5P_pos1
4	DNA	54	218	0	217	GTR	COI-5P_pos2
WARNING: No parsimony-informative sites in partition COI-5P_pos2
5	DNA	54	218	134	59	GTR	COI-5P_pos3
6	DNA	3	722	0	722	GTR	ITS
WARNING: No variant sites in partition ITS
Degree of missing data: 0.485
Info: multi-threading strategy over partitions


Create initial parsimony tree by phylogenetic likelihood library (PLL)... 0.005 seconds
Generating 1000 samples for ultrafast bootstrap (seed: 538846)...

NOTE: 1 MB RAM (0 GB) is required!
Measuring multi-threading efficiency up to 20 CPU cores
Increase to 10 rounds for branch lengths
1414 trees examined
Threads: 1 / Time: 20.011 sec / Speedup: 1.000 / Efficiency: 100% / LogL: -12468
Threads: 2 / Time: 16.131 sec / Speedup: 1.241 / Efficiency: 62% / LogL: -12468
Threads: 3 / Time: 15.348 sec / Speedup: 1.304 / Efficiency: 43% / LogL: -12468
BEST NUMBER OF THREADS: 2

Estimate model parameters (epsilon = 0.100)
Initial log-likelihood: -7731.909
Current log-likelihood at step 1: -6494.420
Current log-likelihood at step 2: -6465.036
Current log-likelihood at step 3: -6460.891
Current log-likelihood at step 4: -6459.599
Current log-likelihood at step 5: -6458.951
Current log-likelihood at step 6: -6458.413
Current log-likelihood at step 7: -6457.982
Current log-likelihood at step 8: -6457.606
Current log-likelihood at step 9: -6457.266
Current log-likelihood at step 10: -6456.962
Current log-likelihood at step 11: -6456.689
Current log-likelihood at step 12: -6456.440
Current log-likelihood at step 13: -6456.202
Current log-likelihood at step 14: -6455.965
Current log-likelihood at step 15: -6455.747
Current log-likelihood at step 16: -6455.543
Current log-likelihood at step 17: -6455.326
Current log-likelihood at step 18: -6455.117
Current log-likelihood at step 19: -6454.914
Current log-likelihood at step 20: -6454.722
Current log-likelihood at step 21: -6454.539
Current log-likelihood at step 22: -6454.362
Current log-likelihood at step 23: -6454.191
Current log-likelihood at step 24: -6454.028
Current log-likelihood at step 25: -6453.869
Current log-likelihood at step 26: -6453.716
Current log-likelihood at step 27: -6453.569
Current log-likelihood at step 28: -6453.428
Current log-likelihood at step 29: -6453.291
Current log-likelihood at step 30: -6453.159
Current log-likelihood at step 31: -6453.031
Current log-likelihood at step 32: -6452.908
Current log-likelihood at step 33: -6452.789
Current log-likelihood at step 34: -6452.673
Current log-likelihood at step 35: -6452.561
Current log-likelihood at step 36: -6452.452
Current log-likelihood at step 37: -6452.348
Current log-likelihood at step 38: -6452.246
Current log-likelihood at step 39: -6452.142
Current log-likelihood at step 40: -6452.046
Partition-specific rates:  0.515 0.045 0.364 0.044 4.690 1.395
Parameters optimization took 39 rounds (0.216 sec)


WARNING: Estimated model parameters are at boundary that can cause numerical instability!

Computing ML distances based on estimated model parameters...
Computing ML distances took 0.000112 sec (of wall-clock time) 0.000108 sec(of CPU time)
WARNING: Some pairwise ML distances are too long (saturated)
Computing RapidNJ tree took 0.007417 sec (of wall-clock time) 0.000000 sec (of CPU time)
Log-likelihood of RapidNJ tree: -9610.316
--------------------------------------------------------------------
|             INITIALIZING CANDIDATE TREE SET                      |
--------------------------------------------------------------------
Generating 98 parsimony trees... 0.320 second
Computing log-likelihood of 98 initial trees ... 0.262 seconds
Current best score: -6437.322

Do NNI search on 20 best initial trees
Estimate model parameters (epsilon = 0.100)
Initial log-likelihood: -6431.687
Current log-likelihood at step 1: -6431.085
Current log-likelihood at step 2: -6430.953
Current log-likelihood at step 3: -6430.843
Current log-likelihood at step 4: -6430.748
Parameters optimization took 3 rounds (0.019 sec)


WARNING: Estimated model parameters are at boundary that can cause numerical instability!

BETTER TREE FOUND at iteration 1: -6430.748
Estimate model parameters (epsilon = 0.100)
Initial log-likelihood: -6429.507
Current log-likelihood at step 1: -6429.380
Current log-likelihood at step 2: -6429.295
Parameters optimization took 1 rounds (0.009 sec)


WARNING: Estimated model parameters are at boundary that can cause numerical instability!

BETTER TREE FOUND at iteration 2: -6429.295
Estimate model parameters (epsilon = 0.100)
Initial log-likelihood: -6428.752
Current log-likelihood at step 1: -6428.441
Current log-likelihood at step 2: -6428.359
Parameters optimization took 1 rounds (0.010 sec)


WARNING: Estimated model parameters are at boundary that can cause numerical instability!

BETTER TREE FOUND at iteration 8: -6428.359
Estimate model parameters (epsilon = 0.100)
Initial log-likelihood: -6427.346
Current log-likelihood at step 1: -6427.181
Current log-likelihood at step 2: -6427.090
Parameters optimization took 1 rounds (0.010 sec)


WARNING: Estimated model parameters are at boundary that can cause numerical instability!

BETTER TREE FOUND at iteration 10: -6427.090
Iteration 10 / LogL: -6427.090 / Time: 0h:0m:52s
Iteration 20 / LogL: -6437.257 / Time: 0h:0m:53s
Finish initializing candidate tree set (15)
Current best tree score: -6427.090 / CPU time: 1.551
Number of iterations: 20
--------------------------------------------------------------------
|               OPTIMIZING CANDIDATE TREE SET                      |
--------------------------------------------------------------------
Iteration 30 / LogL: -6428.386 / Time: 0h:0m:54s (0h:2m:28s left)
Estimate model parameters (epsilon = 0.100)
Initial log-likelihood: -6426.823
Current log-likelihood at step 1: -6426.727
Parameters optimization took 0 rounds (0.004 sec)


WARNING: Estimated model parameters are at boundary that can cause numerical instability!

BETTER TREE FOUND at iteration 33: -6426.727
Estimate model parameters (epsilon = 0.100)
Initial log-likelihood: -6426.074
Current log-likelihood at step 1: -6425.976
Parameters optimization took 0 rounds (0.005 sec)


WARNING: Estimated model parameters are at boundary that can cause numerical instability!

BETTER TREE FOUND at iteration 34: -6425.976
UPDATE BEST LOG-LIKELIHOOD: -6425.975
Iteration 40 / LogL: -6425.975 / Time: 0h:0m:54s (0h:2m:11s left)
Iteration 50 / LogL: -6426.040 / Time: 0h:0m:55s (0h:1m:34s left)
Log-likelihood cutoff on original alignment: -6460.330
UPDATE BEST LOG-LIKELIHOOD: -6425.975
Iteration 60 / LogL: -6425.980 / Time: 0h:0m:55s (0h:1m:9s left)
Iteration 70 / LogL: -6426.068 / Time: 0h:0m:56s (0h:0m:52s left)
Iteration 80 / LogL: -6426.718 / Time: 0h:0m:56s (0h:0m:38s left)
Iteration 90 / LogL: -6426.623 / Time: 0h:0m:57s (0h:0m:28s left)
UPDATE BEST LOG-LIKELIHOOD: -6425.975
Iteration 100 / LogL: -6430.215 / Time: 0h:0m:58s (0h:0m:19s left)
Log-likelihood cutoff on original alignment: -6460.330
NOTE: Bootstrap correlation coefficient of split occurrence frequencies: 0.998
Iteration 110 / LogL: -6425.976 / Time: 0h:0m:58s (0h:0m:48s left)
UPDATE BEST LOG-LIKELIHOOD: -6425.974
Iteration 120 / LogL: -6425.976 / Time: 0h:0m:59s (0h:0m:39s left)
Iteration 130 / LogL: -6425.978 / Time: 0h:0m:59s (0h:0m:32s left)
TREE SEARCH COMPLETED AFTER 135 ITERATIONS / Time: 0h:1m:0s

--------------------------------------------------------------------
|                    FINALIZING TREE SEARCH                        |
--------------------------------------------------------------------
Performs final model parameters optimization
Estimate model parameters (epsilon = 0.010)
Initial log-likelihood: -6425.974
Current log-likelihood at step 1: -6425.898
Current log-likelihood at step 2: -6425.833
Current log-likelihood at step 3: -6425.768
Current log-likelihood at step 4: -6425.708
Current log-likelihood at step 5: -6425.648
Current log-likelihood at step 6: -6425.590
Current log-likelihood at step 7: -6425.533
Current log-likelihood at step 8: -6425.477
Current log-likelihood at step 9: -6425.421
Current log-likelihood at step 10: -6425.368
Current log-likelihood at step 11: -6425.316
Current log-likelihood at step 12: -6425.266
Current log-likelihood at step 13: -6425.216
Current log-likelihood at step 14: -6425.167
Current log-likelihood at step 15: -6425.120
Current log-likelihood at step 16: -6425.073
Current log-likelihood at step 17: -6425.027
Current log-likelihood at step 18: -6424.983
Current log-likelihood at step 19: -6424.938
Current log-likelihood at step 20: -6424.895
Current log-likelihood at step 21: -6424.854
Current log-likelihood at step 22: -6424.812
Current log-likelihood at step 23: -6424.772
Current log-likelihood at step 24: -6424.732
Current log-likelihood at step 25: -6424.693
Current log-likelihood at step 26: -6424.655
Current log-likelihood at step 27: -6424.618
Current log-likelihood at step 28: -6424.581
Current log-likelihood at step 29: -6424.545
Current log-likelihood at step 30: -6424.509
Current log-likelihood at step 31: -6424.475
Current log-likelihood at step 32: -6424.440
Current log-likelihood at step 33: -6424.407
Current log-likelihood at step 34: -6424.374
Current log-likelihood at step 35: -6424.342
Current log-likelihood at step 36: -6424.310
Current log-likelihood at step 37: -6424.279
Current log-likelihood at step 38: -6424.248
Current log-likelihood at step 39: -6424.218
Current log-likelihood at step 40: -6424.189
Current log-likelihood at step 41: -6424.160
Current log-likelihood at step 42: -6424.131
Current log-likelihood at step 43: -6424.103
Current log-likelihood at step 44: -6424.075
Current log-likelihood at step 45: -6424.048
Current log-likelihood at step 46: -6424.021
Current log-likelihood at step 47: -6423.995
Current log-likelihood at step 48: -6423.969
Current log-likelihood at step 49: -6423.944
Current log-likelihood at step 50: -6423.919
Current log-likelihood at step 51: -6423.894
Current log-likelihood at step 52: -6423.869
Current log-likelihood at step 53: -6423.846
Current log-likelihood at step 54: -6423.822
Current log-likelihood at step 55: -6423.799
Current log-likelihood at step 56: -6423.776
Current log-likelihood at step 57: -6423.754
Current log-likelihood at step 58: -6423.732
Current log-likelihood at step 59: -6423.710
Current log-likelihood at step 60: -6423.689
Current log-likelihood at step 61: -6423.668
Current log-likelihood at step 62: -6423.647
Current log-likelihood at step 63: -6423.627
Current log-likelihood at step 64: -6423.607
Current log-likelihood at step 65: -6423.587
Current log-likelihood at step 66: -6423.568
Current log-likelihood at step 67: -6423.549
Current log-likelihood at step 68: -6423.528
Current log-likelihood at step 69: -6423.509
Current log-likelihood at step 70: -6423.490
Current log-likelihood at step 71: -6423.470
Current log-likelihood at step 72: -6423.450
Current log-likelihood at step 73: -6423.431
Current log-likelihood at step 74: -6423.412
Current log-likelihood at step 75: -6423.394
Current log-likelihood at step 76: -6423.376
Current log-likelihood at step 77: -6423.357
Current log-likelihood at step 78: -6423.340
Current log-likelihood at step 79: -6423.322
Current log-likelihood at step 80: -6423.305
Current log-likelihood at step 81: -6423.288
Current log-likelihood at step 82: -6423.271
Current log-likelihood at step 83: -6423.255
Current log-likelihood at step 84: -6423.239
Current log-likelihood at step 85: -6423.221
Current log-likelihood at step 86: -6423.205
Current log-likelihood at step 87: -6423.189
Current log-likelihood at step 88: -6423.174
Current log-likelihood at step 89: -6423.158
Current log-likelihood at step 90: -6423.143
Current log-likelihood at step 91: -6423.119
Current log-likelihood at step 92: -6423.106
Current log-likelihood at step 93: -6423.092
Current log-likelihood at step 94: -6423.077
Current log-likelihood at step 95: -6423.063
Current log-likelihood at step 96: -6423.050
Current log-likelihood at step 97: -6423.036
Current log-likelihood at step 98: -6423.023
Current log-likelihood at step 99: -6423.010
Partition-specific rates:  0.559 0.051 0.404 0.021 5.525 1.104
Parameters optimization took 99 rounds (0.472 sec)


WARNING: Estimated model parameters are at boundary that can cause numerical instability!

Partition information was printed to outputs/05_tree/locus_codon_partition_without_site_removal/auriculella_phylogeny_locus_codon_partition_without_site_removal.best_model.nex
BEST SCORE FOUND : -6423.010
Creating bootstrap support values...
Split supports printed to NEXUS file outputs/05_tree/locus_codon_partition_without_site_removal/auriculella_phylogeny_locus_codon_partition_without_site_removal.splits.nex
Total tree length: 0.775

Total number of iterations: 135
CPU time used for tree search: 14.689 sec (0h:0m:14s)
Wall-clock time used for tree search: 8.212 sec (0h:0m:8s)
Total CPU time used: 107.589 sec (0h:1m:47s)
Total wall-clock time used: 60.707 sec (0h:1m:0s)

Computing bootstrap consensus tree...
Reading input file outputs/05_tree/locus_codon_partition_without_site_removal/auriculella_phylogeny_locus_codon_partition_without_site_removal.splits.nex...
54 taxa and 317 splits.
Consensus tree written to outputs/05_tree/locus_codon_partition_without_site_removal/auriculella_phylogeny_locus_codon_partition_without_site_removal.contree
Reading input trees file outputs/05_tree/locus_codon_partition_without_site_removal/auriculella_phylogeny_locus_codon_partition_without_site_removal.contree
Log-likelihood of consensus tree: -6423.025

Analysis results written to: 
  IQ-TREE report:                outputs/05_tree/locus_codon_partition_without_site_removal/auriculella_phylogeny_locus_codon_partition_without_site_removal.iqtree
  Maximum-likelihood tree:       outputs/05_tree/locus_codon_partition_without_site_removal/auriculella_phylogeny_locus_codon_partition_without_site_removal.treefile
  Likelihood distances:          outputs/05_tree/locus_codon_partition_without_site_removal/auriculella_phylogeny_locus_codon_partition_without_site_removal.mldist

Ultrafast bootstrap approximation results written to:
  Split support values:          outputs/05_tree/locus_codon_partition_without_site_removal/auriculella_phylogeny_locus_codon_partition_without_site_removal.splits.nex
  Consensus tree:                outputs/05_tree/locus_codon_partition_without_site_removal/auriculella_phylogeny_locus_codon_partition_without_site_removal.contree
  Screen log file:               outputs/05_tree/locus_codon_partition_without_site_removal/auriculella_phylogeny_locus_codon_partition_without_site_removal.log

Date and Time: Fri Jun 13 17:42:28 2025
